mode: atomic
github.com/moleculer-go/cqrs/examples/property/property.service.go:15.63,17.40 2 9
github.com/moleculer-go/cqrs/examples/property/property.service.go:20.2,20.36 1 0
github.com/moleculer-go/cqrs/examples/property/property.service.go:17.40,19.3 1 9
github.com/moleculer-go/cqrs/examples/property/property.service.go:30.102,37.2 2 9
github.com/moleculer-go/cqrs/examples/property/property.service.go:39.49,41.9 2 0
github.com/moleculer-go/cqrs/examples/property/property.service.go:44.2,44.89 1 0
github.com/moleculer-go/cqrs/examples/property/property.service.go:41.9,43.3 1 0
github.com/moleculer-go/cqrs/examples/property/property.service.go:106.94,110.2 3 13
github.com/moleculer-go/cqrs/examples/property/property.service.go:114.100,120.23 4 11
github.com/moleculer-go/cqrs/examples/property/property.service.go:131.2,132.27 2 11
github.com/moleculer-go/cqrs/examples/property/property.service.go:135.2,135.26 1 11
github.com/moleculer-go/cqrs/examples/property/property.service.go:138.2,139.28 2 11
github.com/moleculer-go/cqrs/examples/property/property.service.go:120.23,123.3 2 8
github.com/moleculer-go/cqrs/examples/property/property.service.go:123.8,130.3 1 3
github.com/moleculer-go/cqrs/examples/property/property.service.go:132.27,134.3 1 0
github.com/moleculer-go/cqrs/examples/property/property.service.go:135.26,137.3 1 7
github.com/moleculer-go/cqrs/examples/property/property.service.go:142.51,144.2 1 11
github.com/moleculer-go/cqrs/examples/property/property.service.go:146.50,148.2 1 11
github.com/moleculer-go/cqrs/examples/property/property.service.go:151.78,152.66 1 1
github.com/moleculer-go/cqrs/examples/property/property.service.go:152.66,153.41 1 13
github.com/moleculer-go/cqrs/examples/property/property.service.go:153.41,155.4 1 24
