mode: atomic
github.com/moleculer-go/cqrs/examples/property/property.service.go:12.63,14.40 2 3
github.com/moleculer-go/cqrs/examples/property/property.service.go:17.2,17.36 1 0
github.com/moleculer-go/cqrs/examples/property/property.service.go:14.40,16.3 1 3
github.com/moleculer-go/cqrs/examples/property/property.service.go:20.71,21.86 1 3
github.com/moleculer-go/cqrs/examples/property/property.service.go:21.86,28.3 2 3
github.com/moleculer-go/cqrs/examples/property/property.service.go:99.88,101.2 1 1
github.com/moleculer-go/cqrs/examples/property/property.service.go:105.94,111.23 4 1
github.com/moleculer-go/cqrs/examples/property/property.service.go:122.2,123.27 2 1
github.com/moleculer-go/cqrs/examples/property/property.service.go:126.2,126.26 1 1
github.com/moleculer-go/cqrs/examples/property/property.service.go:129.2,130.15 2 1
github.com/moleculer-go/cqrs/examples/property/property.service.go:111.23,114.3 2 0
github.com/moleculer-go/cqrs/examples/property/property.service.go:114.8,121.3 1 1
github.com/moleculer-go/cqrs/examples/property/property.service.go:123.27,125.3 1 0
github.com/moleculer-go/cqrs/examples/property/property.service.go:126.26,128.3 1 1
github.com/moleculer-go/cqrs/examples/property/property.service.go:133.51,135.2 1 1
github.com/moleculer-go/cqrs/examples/property/property.service.go:137.50,139.2 1 1
github.com/moleculer-go/cqrs/examples/property/property.service.go:142.71,143.66 1 0
github.com/moleculer-go/cqrs/examples/property/property.service.go:143.66,144.44 1 0
github.com/moleculer-go/cqrs/examples/property/property.service.go:144.44,146.4 1 0
